2022-01-20 21:04:14.622 [TestNG-test=Test-4] INFO  utility.Listens - signin Test has started
2022-01-20 21:04:14.622 [TestNG-test=Test-5] INFO  utility.Listens - passwordMatch Test has started
2022-01-20 21:04:14.622 [TestNG-test=Test-3] INFO  utility.Listens - showPassword Test has started
2022-01-20 21:04:14.622 [TestNG-test=Test-2] INFO  utility.Listens - link Test has started
2022-01-20 21:04:14.622 [TestNG-test=Test-1] INFO  utility.Listens - inputbox Test has started
2022-01-20 21:05:02.607 [TestNG-test=Test-4] INFO  utility.Listens - signin Test Failed
2022-01-20 21:05:02.829 [TestNG-test=Test-1] INFO  utility.Listens - inputbox Test Passed!!
2022-01-20 21:05:03.005 [TestNG-test=Test-1] INFO  utility.Listens - emailWrongInput Test has started
2022-01-20 21:05:03.610 [TestNG-test=Test-4] INFO  utility.Listens - nextButton Test has started
2022-01-20 21:05:04.659 [TestNG-test=Test-3] INFO  utility.Listens - showPassword Test Passed!!
2022-01-20 21:05:04.663 [TestNG-test=Test-3] INFO  utility.Listens - WrongPasswordFormat Test has started
2022-01-20 21:05:06.689 [TestNG-test=Test-5] INFO  utility.Listens - passwordMatch Test Passed!!
2022-01-20 21:05:06.692 [TestNG-test=Test-5] INFO  utility.Listens - NewGmail Test has started
2022-01-20 21:05:18.063 [TestNG-test=Test-2] INFO  utility.Listens - link Test Passed!!
2022-01-20 21:05:18.067 [TestNG-test=Test-2] INFO  utility.Listens - passwordMismatch Test has started
2022-01-20 21:05:40.897 [TestNG-test=Test-5] INFO  utility.Listens - NewGmail Test Passed!!
2022-01-20 21:05:55.350 [TestNG-test=Test-1] INFO  utility.Listens - emailWrongInput Test Failed
2022-01-20 21:06:07.596 [TestNG-test=Test-3] INFO  utility.Listens - WrongPasswordFormat Test Failed
2022-01-20 21:06:18.958 [TestNG-test=Test-2] INFO  utility.Listens - passwordMismatch Test Passed!!
2022-01-20 21:06:40.417 [TestNG-test=Test-4] INFO  utility.Listens - nextButton Test Failed
2022-01-20 21:06:40.676 [main] INFO  utility.Listens - Testcases have been executed
2022-01-20 21:41:14.250 [TestNG-test=Test-5] INFO  utility.Listens - passwordMatch Test has started
2022-01-20 21:41:14.250 [TestNG-test=Test-3] INFO  utility.Listens - showPassword Test has started
2022-01-20 21:41:14.250 [TestNG-test=Test-2] INFO  utility.Listens - link Test has started
2022-01-20 21:41:14.250 [TestNG-test=Test-1] INFO  utility.Listens - inputbox Test has started
2022-01-20 21:41:14.250 [TestNG-test=Test-4] INFO  utility.Listens - signin Test has started
2022-01-20 21:41:59.317 [TestNG-test=Test-1] INFO  utility.Listens - inputbox Test Passed!!
2022-01-20 21:41:59.321 [TestNG-test=Test-1] INFO  utility.Listens - emailWrongInput Test has started
2022-01-20 21:42:01.248 [TestNG-test=Test-4] INFO  utility.Listens - signin Test Passed!!
2022-01-20 21:42:01.250 [TestNG-test=Test-4] INFO  utility.Listens - nextButton Test has started
2022-01-20 21:42:06.123 [TestNG-test=Test-3] INFO  utility.Listens - showPassword Test Passed!!
2022-01-20 21:42:06.127 [TestNG-test=Test-3] INFO  utility.Listens - WrongPasswordFormat Test has started
2022-01-20 21:42:10.643 [TestNG-test=Test-5] INFO  utility.Listens - passwordMatch Test Passed!!
2022-01-20 21:42:10.646 [TestNG-test=Test-5] INFO  utility.Listens - NewGmail Test has started
2022-01-20 21:42:11.169 [TestNG-test=Test-2] INFO  utility.Listens - link Test Passed!!
2022-01-20 21:42:11.173 [TestNG-test=Test-2] INFO  utility.Listens - passwordMismatch Test has started
2022-01-20 21:42:30.108 [TestNG-test=Test-2] INFO  utility.Listens - passwordMismatch Test Passed!!
2022-01-20 21:42:44.309 [TestNG-test=Test-1] INFO  utility.Listens - emailWrongInput Test Passed!!
2022-01-20 21:42:53.761 [TestNG-test=Test-4] INFO  utility.Listens - nextButton Test Passed!!
2022-01-20 21:43:04.052 [TestNG-test=Test-5] INFO  utility.Listens - NewGmail Test Passed!!
2022-01-20 21:43:26.426 [TestNG-test=Test-3] INFO  utility.Listens - WrongPasswordFormat Test Failed
2022-01-20 21:43:26.639 [main] INFO  utility.Listens - Testcases have been executed
